<?xml version="1.0" encoding="UTF-8"?>
<!-- Generated by org.testng.reporters.JUnitReportReporter -->
<testsuite hostname="01HW1825492" failures="0" tests="1" name="project_ecommerce.amazon.Shopping_cart_test" time="17.659" errors="0" timestamp="2025-02-09T23:41:29 IST" skipped="0">
  <testcase classname="project_ecommerce.amazon.Shopping_cart_test" name="tetscase" time="17.659"/>
</testsuite> <!-- project_ecommerce.amazon.Shopping_cart_test -->
