<?xml version="1.0" encoding="UTF-8"?>
<!-- Generated by org.testng.reporters.JUnitReportReporter -->
<testsuite hostname="01HW1825492" failures="0" tests="2" name="project_ecommerce.amazon.T5_ProductsearchTest" time="34.147" errors="0" timestamp="2025-02-12T23:18:39 IST" skipped="0">
  <testcase classname="project_ecommerce.amazon.T5_ProductsearchTest" name="testcase" time="16.149"/>
  <testcase classname="project_ecommerce.amazon.T5_ProductsearchTest" name="testcase" time="17.998"/>
</testsuite> <!-- project_ecommerce.amazon.T5_ProductsearchTest -->
