<?xml version="1.0" encoding="UTF-8"?>
<!-- Generated by org.testng.reporters.JUnitReportReporter -->
<testsuite hostname="01HW1825492" failures="0" tests="1" name="project_ecommerce.amazon.T12_Payment_Method_Test" time="22.117" errors="0" timestamp="2025-02-12T14:46:01 IST" skipped="0">
  <testcase classname="project_ecommerce.amazon.T12_Payment_Method_Test" name="testcase" time="22.117"/>
</testsuite> <!-- project_ecommerce.amazon.T12_Payment_Method_Test -->
