<?xml version="1.0" encoding="UTF-8"?>
<!-- Generated by org.testng.reporters.JUnitReportReporter -->
<testsuite hostname="01HW1825492" failures="0" tests="1" name="project_ecommerce.amazon.T2_LoginPageTest2" time="10.621" errors="0" timestamp="2025-02-11T22:48:11 IST" skipped="0">
  <testcase classname="project_ecommerce.amazon.T2_LoginPageTest2" name="tetscase" time="10.621"/>
</testsuite> <!-- project_ecommerce.amazon.T2_LoginPageTest2 -->
