<?xml version="1.0" encoding="UTF-8"?>
<!-- Generated by org.testng.reporters.JUnitReportReporter -->
<testsuite hostname="01HW1825492" failures="0" tests="1" name="project_ecommerce.amazon.ProfilePageTest" time="13.778" errors="0" timestamp="2025-02-09T19:51:24 IST" skipped="0">
  <testcase classname="project_ecommerce.amazon.ProfilePageTest" name="testcase" time="13.778"/>
</testsuite> <!-- project_ecommerce.amazon.ProfilePageTest -->
