<?xml version="1.0" encoding="UTF-8"?>
<!-- Generated by org.testng.reporters.JUnitReportReporter -->
<testsuite hostname="01HW1825492" failures="0" tests="1" name="project_ecommerce.amazon.LoginPageTest2" time="49.395" errors="0" timestamp="2025-02-03T12:30:25 IST" skipped="0">
  <testcase classname="project_ecommerce.amazon.LoginPageTest2" name="tetscase" time="49.395"/>
</testsuite> <!-- project_ecommerce.amazon.LoginPageTest2 -->
