<?xml version="1.0" encoding="UTF-8"?>
<!-- Generated by org.testng.reporters.JUnitReportReporter -->
<testsuite hostname="01HW1825492" failures="0" tests="1" name="project_ecommerce.amazon.T10_Product_increment_Test" time="21.435" errors="0" timestamp="2025-02-12T21:01:05 IST" skipped="0">
  <testcase classname="project_ecommerce.amazon.T10_Product_increment_Test" name="testcase" time="21.435"/>
</testsuite> <!-- project_ecommerce.amazon.T10_Product_increment_Test -->
