<?xml version="1.0" encoding="UTF-8"?>
<!-- Generated by org.testng.reporters.JUnitReportReporter -->
<testsuite hostname="01HW1825492" failures="0" tests="1" name="project_ecommerce.amazon.ProfilePageTest" time="20.740" errors="0" timestamp="2025-02-04T13:00:50 IST" skipped="0">
  <testcase classname="project_ecommerce.amazon.ProfilePageTest" name="testcase" time="20.740"/>
</testsuite> <!-- project_ecommerce.amazon.ProfilePageTest -->
