<?xml version="1.0" encoding="UTF-8"?>
<!-- Generated by org.testng.reporters.JUnitReportReporter -->
<testsuite hostname="01HW1825492" failures="0" tests="1" name="project_ecommerce.amazon.T13_Coupon_code_Test" time="23.530" errors="0" timestamp="2025-02-12T15:03:45 IST" skipped="0">
  <testcase classname="project_ecommerce.amazon.T13_Coupon_code_Test" name="testcase" time="23.530"/>
</testsuite> <!-- project_ecommerce.amazon.T13_Coupon_code_Test -->
