<?xml version="1.0" encoding="UTF-8"?>
<!-- Generated by org.testng.reporters.JUnitReportReporter -->
<testsuite hostname="01HW1825492" failures="0" tests="1" name="project_ecommerce.amazon.T15_CartPage_without_LoginTest" time="15.112" errors="0" timestamp="2025-02-11T21:05:31 IST" skipped="0">
  <testcase classname="project_ecommerce.amazon.T15_CartPage_without_LoginTest" name="testcase" time="15.112">
    <system-out>
      <![CDATA[TestCase is passed]]>
    </system-out>
  </testcase> <!-- testcase -->
  <system-out>
    <![CDATA[TestCase is passed]]>
  </system-out>
</testsuite> <!-- project_ecommerce.amazon.T15_CartPage_without_LoginTest -->
