<?xml version="1.0" encoding="UTF-8"?>
<!-- Generated by org.testng.reporters.JUnitReportReporter -->
<testsuite hostname="01HW1825492" failures="0" tests="1" name="project_ecommerce.amazon.CartPage_without_LoginTest" time="20.531" errors="0" timestamp="2025-02-11T15:44:25 IST" skipped="0">
  <testcase classname="project_ecommerce.amazon.CartPage_without_LoginTest" name="testcase" time="20.531"/>
</testsuite> <!-- project_ecommerce.amazon.CartPage_without_LoginTest -->
