<?xml version="1.0" encoding="UTF-8"?>
<!-- Generated by org.testng.reporters.JUnitReportReporter -->
<testsuite hostname="01HW1825492" failures="0" tests="1" name="project_ecommerce.amazon.ProductDetailsPageTest" time="18.361" errors="0" timestamp="2025-02-09T22:46:06 IST" skipped="0">
  <testcase classname="project_ecommerce.amazon.ProductDetailsPageTest" name="testcase" time="18.361"/>
</testsuite> <!-- project_ecommerce.amazon.ProductDetailsPageTest -->
