<?xml version="1.0" encoding="UTF-8"?>
<!-- Generated by org.testng.reporters.JUnitReportReporter -->
<testsuite hostname="01HW1825492" failures="0" tests="1" name="project_ecommerce.amazon.RegistrationPageTest" time="5.421" errors="0" timestamp="2025-02-02T16:48:13 IST" skipped="0">
  <testcase classname="project_ecommerce.amazon.RegistrationPageTest" name="testcase" time="5.421"/>
</testsuite> <!-- project_ecommerce.amazon.RegistrationPageTest -->
