<?xml version="1.0" encoding="UTF-8"?>
<!-- Generated by org.testng.reporters.JUnitReportReporter -->
<testsuite hostname="01HW1825492" failures="0" tests="1" name="project_ecommerce.amazon.ProductsearchTest" time="16.041" errors="0" timestamp="2025-02-04T15:47:42 IST" skipped="0">
  <testcase classname="project_ecommerce.amazon.ProductsearchTest" name="testcase" time="16.041"/>
</testsuite> <!-- project_ecommerce.amazon.ProductsearchTest -->
