<?xml version="1.0" encoding="UTF-8"?>
<!-- Generated by org.testng.reporters.JUnitReportReporter -->
<testsuite hostname="01HW1825492" failures="0" tests="1" name="project_ecommerce.amazon.Sort_Product_Test" time="13.787" errors="0" timestamp="2025-02-09T23:01:27 IST" skipped="0">
  <testcase classname="project_ecommerce.amazon.Sort_Product_Test" name="testcase" time="13.787"/>
</testsuite> <!-- project_ecommerce.amazon.Sort_Product_Test -->
